2018-04-26T01:59:38.033Z - normal: Load ~/.CocosCreator/settings.json
2018-04-26T01:59:38.038Z - normal: checking language setting...
2018-04-26T01:59:38.039Z - normal: Language: zh
2018-04-26T01:59:38.905Z - success: protocol editor-framework registered
2018-04-26T01:59:38.905Z - success: protocol app registered
2018-04-26T01:59:38.905Z - success: protocol theme registered
2018-04-26T01:59:38.906Z - success: protocol packages registered
2018-04-26T01:59:38.906Z - success: protocol unpack registerred
2018-04-26T01:59:38.906Z - success: protocol disable-commonjs registerred
2018-04-26T01:59:39.042Z - normal: connected!
2018-04-26T01:59:39.046Z - normal: Check project /Users/user/Documents/usiege/CocosGame/complete_project
2018-04-26T01:59:39.048Z - normal: Initializing Cocos2d
2018-04-26T01:59:39.299Z - normal: Initializing Asset Database
2018-04-26T01:59:39.333Z - success: protocol uuid registerred
2018-04-26T01:59:39.334Z - success: protocol db registerred
2018-04-26T01:59:39.334Z - success: protocol thumbnail registerred
2018-04-26T01:59:39.334Z - normal: Loading editor/builtin packages
2018-04-26T01:59:39.355Z - success: anysdk loaded
2018-04-26T01:59:39.487Z - success: assets loaded
2018-04-26T01:59:39.491Z - success: builder loaded
2018-04-26T01:59:39.493Z - success: cocos-analytics loaded
2018-04-26T01:59:39.499Z - success: console loaded
2018-04-26T01:59:39.504Z - success: hierarchy loaded
2018-04-26T01:59:39.510Z - success: inspector loaded
2018-04-26T01:59:39.512Z - success: keystore loaded
2018-04-26T01:59:39.517Z - success: node-library loaded
2018-04-26T01:59:39.519Z - success: package-asset loaded
2018-04-26T01:59:39.522Z - success: preferences loaded
2018-04-26T01:59:39.526Z - success: project-exporter loaded
2018-04-26T01:59:39.545Z - success: project-importer loaded
2018-04-26T01:59:39.548Z - success: project-settings loaded
2018-04-26T01:59:39.553Z - success: ui-kit loaded
2018-04-26T01:59:39.559Z - success: ui-grid loaded
2018-04-26T01:59:39.571Z - success: scene loaded
2018-04-26T01:59:39.573Z - success: sprite-editor loaded
2018-04-26T01:59:39.582Z - success: store loaded
2018-04-26T01:59:39.589Z - success: timeline loaded
2018-04-26T01:59:39.590Z - normal: Loading builtin packages
2018-04-26T01:59:39.594Z - success: asset-db-debugger loaded
2018-04-26T01:59:39.596Z - success: color-picker loaded
2018-04-26T01:59:39.601Z - success: package-manager loaded
2018-04-26T01:59:39.607Z - success: sdkbox loaded
2018-04-26T01:59:39.612Z - success: tester loaded
2018-04-26T01:59:39.617Z - success: ui-kit-preview-extra loaded
2018-04-26T01:59:39.621Z - success: ui-kit-preview loaded
2018-04-26T01:59:39.626Z - success: ui-tree loaded
2018-04-26T01:59:41.058Z - normal: Initializing project /Users/user/Documents/usiege/CocosGame/complete_project
2018-04-26T01:59:41.060Z - normal: Loading packages
2018-04-26T01:59:41.064Z - normal: Watching packages
2018-04-26T01:59:41.078Z - normal: Run Application
2018-04-26T01:59:42.483Z - success: preview server running at http://localhost:7456
2018-04-26T01:59:48.292Z - normal: 1.8.2
